Start testing: Feb 29 14:19 UTC
----------------------------------------------------------
1/3 Testing: SUM.int_double_TEST
1/3 Test: SUM.int_double_TEST
Command: "/home/a.bannikova1/new/build/tests/hello_test2" "--gtest_filter=SUM.int_double_TEST" "--gtest_also_run_disabled_tests"
Directory: /home/a.bannikova1/new/build/tests
"SUM.int_double_TEST" start time: Feb 29 14:19 UTC
Output:
----------------------------------------------------------
Running main() from /home/a.bannikova1/new/libraries/googletest/googletest/src/gtest_main.cc
Note: Google Test filter = SUM.int_double_TEST
[==========] Running 1 test from 1 test suite.
[----------] Global test environment set-up.
[----------] 1 test from SUM
[ RUN      ] SUM.int_double_TEST
[       OK ] SUM.int_double_TEST (0 ms)
[----------] 1 test from SUM (0 ms total)

[----------] Global test environment tear-down
[==========] 1 test from 1 test suite ran. (0 ms total)
[  PASSED  ] 1 test.
<end of output>
Test time =   0.01 sec
----------------------------------------------------------
Test Passed.
"SUM.int_double_TEST" end time: Feb 29 14:19 UTC
"SUM.int_double_TEST" time elapsed: 00:00:00
----------------------------------------------------------

2/3 Testing: MINUS.int_double_TEST
2/3 Test: MINUS.int_double_TEST
Command: "/home/a.bannikova1/new/build/tests/hello_test2" "--gtest_filter=MINUS.int_double_TEST" "--gtest_also_run_disabled_tests"
Directory: /home/a.bannikova1/new/build/tests
"MINUS.int_double_TEST" start time: Feb 29 14:19 UTC
Output:
----------------------------------------------------------
Running main() from /home/a.bannikova1/new/libraries/googletest/googletest/src/gtest_main.cc
Note: Google Test filter = MINUS.int_double_TEST
[==========] Running 1 test from 1 test suite.
[----------] Global test environment set-up.
[----------] 1 test from MINUS
[ RUN      ] MINUS.int_double_TEST
/home/a.bannikova1/new/tests/tests.cpp:12: Failure
Expected equality of these values:
  minus(1.6, 0.4)
    Which is: 1.2000000000000002
  1.2

[  FAILED  ] MINUS.int_double_TEST (0 ms)
[----------] 1 test from MINUS (0 ms total)

[----------] Global test environment tear-down
[==========] 1 test from 1 test suite ran. (0 ms total)
[  PASSED  ] 0 tests.
[  FAILED  ] 1 test, listed below:
[  FAILED  ] MINUS.int_double_TEST

 1 FAILED TEST
<end of output>
Test time =   0.01 sec
----------------------------------------------------------
Test Failed.
"MINUS.int_double_TEST" end time: Feb 29 14:19 UTC
"MINUS.int_double_TEST" time elapsed: 00:00:00
----------------------------------------------------------

3/3 Testing: MUL.int_double_TEST
3/3 Test: MUL.int_double_TEST
Command: "/home/a.bannikova1/new/build/tests/hello_test2" "--gtest_filter=MUL.int_double_TEST" "--gtest_also_run_disabled_tests"
Directory: /home/a.bannikova1/new/build/tests
"MUL.int_double_TEST" start time: Feb 29 14:19 UTC
Output:
----------------------------------------------------------
Running main() from /home/a.bannikova1/new/libraries/googletest/googletest/src/gtest_main.cc
Note: Google Test filter = MUL.int_double_TEST
[==========] Running 1 test from 1 test suite.
[----------] Global test environment set-up.
[----------] 1 test from MUL
[ RUN      ] MUL.int_double_TEST
/home/a.bannikova1/new/tests/tests.cpp:16: Failure
Expected equality of these values:
  minus(1.2, 1.0)
    Which is: 0.19999999999999996
  1.2

/home/a.bannikova1/new/tests/tests.cpp:17: Failure
Expected equality of these values:
  minus(2, 1)
    Which is: 1
  2

[  FAILED  ] MUL.int_double_TEST (0 ms)
[----------] 1 test from MUL (0 ms total)

[----------] Global test environment tear-down
[==========] 1 test from 1 test suite ran. (0 ms total)
[  PASSED  ] 0 tests.
[  FAILED  ] 1 test, listed below:
[  FAILED  ] MUL.int_double_TEST

 1 FAILED TEST
<end of output>
Test time =   0.01 sec
----------------------------------------------------------
Test Failed.
"MUL.int_double_TEST" end time: Feb 29 14:19 UTC
"MUL.int_double_TEST" time elapsed: 00:00:00
----------------------------------------------------------

End testing: Feb 29 14:19 UTC
